  Character.cpp
  CharacterDemo.cpp
  Touch.cpp
  boids.cpp
E:\Uni\CGP3016M- Advanced Games Programming\Assessments\Assessment Item 1\Urho3D\Urho3D-1.7-VS19\include\Urho3D\ThirdParty\Bullet/LinearMath/btIDebugDraw.h(173,1): warning C4305: 'argument': truncation from 'double' to 'const btScalar' (compiling source file E:\Uni\CGP3016M- Advanced Games Programming\Assessments\Assessment Item 1\Urho3D\Urho3D-Boids\Character.cpp)
E:\Uni\CGP3016M- Advanced Games Programming\Assessments\Assessment Item 1\Urho3D\Urho3D-1.7-VS19\include\Urho3D\ThirdParty\Bullet/LinearMath/btIDebugDraw.h(174,1): warning C4305: 'argument': truncation from 'double' to 'const btScalar' (compiling source file E:\Uni\CGP3016M- Advanced Games Programming\Assessments\Assessment Item 1\Urho3D\Urho3D-Boids\Character.cpp)
  projectile.cpp
E:\Uni\CGP3016M- Advanced Games Programming\Assessments\Assessment Item 1\Urho3D\Urho3D-1.7-VS19\include\Urho3D\ThirdParty\Bullet/LinearMath/btIDebugDraw.h(175,1): warning C4305: 'argument': truncation from 'double' to 'const btScalar' (compiling source file E:\Uni\CGP3016M- Advanced Games Programming\Assessments\Assessment Item 1\Urho3D\Urho3D-Boids\Character.cpp)
E:\Uni\CGP3016M- Advanced Games Programming\Assessments\Assessment Item 1\Urho3D\Urho3D-1.7-VS19\include\Urho3D\ThirdParty\Bullet/LinearMath/btIDebugDraw.h(173,1): warning C4305: 'argument': truncation from 'double' to 'const btScalar' (compiling source file E:\Uni\CGP3016M- Advanced Games Programming\Assessments\Assessment Item 1\Urho3D\Urho3D-Boids\CharacterDemo.cpp)
E:\Uni\CGP3016M- Advanced Games Programming\Assessments\Assessment Item 1\Urho3D\Urho3D-1.7-VS19\include\Urho3D\ThirdParty\Bullet/LinearMath/btIDebugDraw.h(174,1): warning C4305: 'argument': truncation from 'double' to 'const btScalar' (compiling source file E:\Uni\CGP3016M- Advanced Games Programming\Assessments\Assessment Item 1\Urho3D\Urho3D-Boids\CharacterDemo.cpp)
E:\Uni\CGP3016M- Advanced Games Programming\Assessments\Assessment Item 1\Urho3D\Urho3D-1.7-VS19\include\Urho3D\ThirdParty\Bullet/LinearMath/btIDebugDraw.h(175,1): warning C4305: 'argument': truncation from 'double' to 'const btScalar' (compiling source file E:\Uni\CGP3016M- Advanced Games Programming\Assessments\Assessment Item 1\Urho3D\Urho3D-Boids\CharacterDemo.cpp)
E:\Uni\CGP3016M- Advanced Games Programming\Assessments\Assessment Item 1\Urho3D\Urho3D-1.7-VS19\include\Urho3D\ThirdParty\Bullet/LinearMath/btIDebugDraw.h(173,1): warning C4305: 'argument': truncation from 'double' to 'const btScalar' (compiling source file E:\Uni\CGP3016M- Advanced Games Programming\Assessments\Assessment Item 1\Urho3D\Urho3D-Boids\boids.cpp)
E:\Uni\CGP3016M- Advanced Games Programming\Assessments\Assessment Item 1\Urho3D\Urho3D-1.7-VS19\include\Urho3D\ThirdParty\Bullet/LinearMath/btIDebugDraw.h(174,1): warning C4305: 'argument': truncation from 'double' to 'const btScalar' (compiling source file E:\Uni\CGP3016M- Advanced Games Programming\Assessments\Assessment Item 1\Urho3D\Urho3D-Boids\boids.cpp)
E:\Uni\CGP3016M- Advanced Games Programming\Assessments\Assessment Item 1\Urho3D\Urho3D-1.7-VS19\include\Urho3D\ThirdParty\Bullet/LinearMath/btIDebugDraw.h(175,1): warning C4305: 'argument': truncation from 'double' to 'const btScalar' (compiling source file E:\Uni\CGP3016M- Advanced Games Programming\Assessments\Assessment Item 1\Urho3D\Urho3D-Boids\boids.cpp)
E:\Uni\CGP3016M- Advanced Games Programming\Assessments\Assessment Item 1\Urho3D\Urho3D-Boids\boids.cpp(129,33): warning C4267: '=': conversion from 'size_t' to 'int', possible loss of data
E:\Uni\CGP3016M- Advanced Games Programming\Assessments\Assessment Item 1\Urho3D\Urho3D-Boids\boids.cpp(167,10): warning C4244: 'argument': conversion from 'int' to 'float', possible loss of data
E:\Uni\CGP3016M- Advanced Games Programming\Assessments\Assessment Item 1\Urho3D\Urho3D-Boids\boids.cpp(148,25): warning C4101: 'e': unreferenced local variable
E:\Uni\CGP3016M- Advanced Games Programming\Assessments\Assessment Item 1\Urho3D\Urho3D-Boids\boids.cpp(195,33): warning C4267: '=': conversion from 'size_t' to 'int', possible loss of data
E:\Uni\CGP3016M- Advanced Games Programming\Assessments\Assessment Item 1\Urho3D\Urho3D-Boids\boids.cpp(214,26): warning C4101: 'e': unreferenced local variable
E:\Uni\CGP3016M- Advanced Games Programming\Assessments\Assessment Item 1\Urho3D\Urho3D-Boids\boids.cpp(274,33): warning C4267: '=': conversion from 'size_t' to 'int', possible loss of data
E:\Uni\CGP3016M- Advanced Games Programming\Assessments\Assessment Item 1\Urho3D\Urho3D-Boids\boids.cpp(313,10): warning C4244: 'argument': conversion from 'int' to 'float', possible loss of data
E:\Uni\CGP3016M- Advanced Games Programming\Assessments\Assessment Item 1\Urho3D\Urho3D-Boids\boids.cpp(293,26): warning C4101: 'e': unreferenced local variable
E:\Uni\CGP3016M- Advanced Games Programming\Assessments\Assessment Item 1\Urho3D\Urho3D-Boids\boids.cpp(392,28): warning C4244: 'argument': conversion from 'int' to 'float', possible loss of data
E:\Uni\CGP3016M- Advanced Games Programming\Assessments\Assessment Item 1\Urho3D\Urho3D-Boids\boids.cpp(392,25): warning C4244: 'argument': conversion from 'int' to 'float', possible loss of data
E:\Uni\CGP3016M- Advanced Games Programming\Assessments\Assessment Item 1\Urho3D\Urho3D-Boids\boids.cpp(392,22): warning C4244: 'argument': conversion from 'int' to 'float', possible loss of data
E:\Uni\CGP3016M- Advanced Games Programming\Assessments\Assessment Item 1\Urho3D\Urho3D-Boids\boids.cpp(449,33): warning C4244: 'argument': conversion from 'float' to 'const unsigned __int64', possible loss of data
E:\Uni\CGP3016M- Advanced Games Programming\Assessments\Assessment Item 1\Urho3D\Urho3D-Boids\boids.cpp(449,50): warning C4244: 'argument': conversion from 'float' to 'const unsigned __int64', possible loss of data
E:\Uni\CGP3016M- Advanced Games Programming\Assessments\Assessment Item 1\Urho3D\Urho3D-Boids\boids.cpp(449,67): warning C4244: 'argument': conversion from 'float' to 'const unsigned __int64', possible loss of data
E:\Uni\CGP3016M- Advanced Games Programming\Assessments\Assessment Item 1\Urho3D\Urho3D-Boids\boids.cpp(449,78): warning C4267: 'initializing': conversion from 'size_t' to 'int', possible loss of data
E:\Uni\CGP3016M- Advanced Games Programming\Assessments\Assessment Item 1\Urho3D\Urho3D-Boids\boids.cpp(455,31): warning C4244: 'argument': conversion from 'float' to 'const unsigned __int64', possible loss of data
E:\Uni\CGP3016M- Advanced Games Programming\Assessments\Assessment Item 1\Urho3D\Urho3D-Boids\boids.cpp(455,48): warning C4244: 'argument': conversion from 'float' to 'const unsigned __int64', possible loss of data
E:\Uni\CGP3016M- Advanced Games Programming\Assessments\Assessment Item 1\Urho3D\Urho3D-Boids\boids.cpp(455,65): warning C4244: 'argument': conversion from 'float' to 'const unsigned __int64', possible loss of data
E:\Uni\CGP3016M- Advanced Games Programming\Assessments\Assessment Item 1\Urho3D\Urho3D-Boids\boids.cpp(461,26): warning C4244: 'argument': conversion from 'float' to 'const unsigned __int64', possible loss of data
E:\Uni\CGP3016M- Advanced Games Programming\Assessments\Assessment Item 1\Urho3D\Urho3D-Boids\boids.cpp(461,43): warning C4244: 'argument': conversion from 'float' to 'const unsigned __int64', possible loss of data
E:\Uni\CGP3016M- Advanced Games Programming\Assessments\Assessment Item 1\Urho3D\Urho3D-Boids\boids.cpp(461,60): warning C4244: 'argument': conversion from 'float' to 'const unsigned __int64', possible loss of data
E:\Uni\CGP3016M- Advanced Games Programming\Assessments\Assessment Item 1\Urho3D\Urho3D-Boids\boids.cpp(461,93): warning C4244: 'argument': conversion from 'float' to 'const unsigned __int64', possible loss of data
E:\Uni\CGP3016M- Advanced Games Programming\Assessments\Assessment Item 1\Urho3D\Urho3D-Boids\boids.cpp(461,110): warning C4244: 'argument': conversion from 'float' to 'const unsigned __int64', possible loss of data
E:\Uni\CGP3016M- Advanced Games Programming\Assessments\Assessment Item 1\Urho3D\Urho3D-Boids\boids.cpp(461,127): warning C4244: 'argument': conversion from 'float' to 'const unsigned __int64', possible loss of data
E:\Uni\CGP3016M- Advanced Games Programming\Assessments\Assessment Item 1\Urho3D\Urho3D-Boids\boids.cpp(466,35): warning C4244: 'argument': conversion from 'float' to 'const unsigned __int64', possible loss of data
E:\Uni\CGP3016M- Advanced Games Programming\Assessments\Assessment Item 1\Urho3D\Urho3D-Boids\boids.cpp(466,52): warning C4244: 'argument': conversion from 'float' to 'const unsigned __int64', possible loss of data
E:\Uni\CGP3016M- Advanced Games Programming\Assessments\Assessment Item 1\Urho3D\Urho3D-Boids\boids.cpp(466,69): warning C4244: 'argument': conversion from 'float' to 'const unsigned __int64', possible loss of data
E:\Uni\CGP3016M- Advanced Games Programming\Assessments\Assessment Item 1\Urho3D\Urho3D-Boids\boids.cpp(466,103): warning C4244: 'argument': conversion from 'float' to 'const unsigned __int64', possible loss of data
E:\Uni\CGP3016M- Advanced Games Programming\Assessments\Assessment Item 1\Urho3D\Urho3D-Boids\boids.cpp(466,120): warning C4244: 'argument': conversion from 'float' to 'const unsigned __int64', possible loss of data
E:\Uni\CGP3016M- Advanced Games Programming\Assessments\Assessment Item 1\Urho3D\Urho3D-Boids\boids.cpp(466,137): warning C4244: 'argument': conversion from 'float' to 'const unsigned __int64', possible loss of data
E:\Uni\CGP3016M- Advanced Games Programming\Assessments\Assessment Item 1\Urho3D\Urho3D-1.7-VS19\include\Urho3D\ThirdParty\Bullet/LinearMath/btIDebugDraw.h(173,1): warning C4305: 'argument': truncation from 'double' to 'const btScalar' (compiling source file E:\Uni\CGP3016M- Advanced Games Programming\Assessments\Assessment Item 1\Urho3D\Urho3D-Boids\projectile.cpp)
E:\Uni\CGP3016M- Advanced Games Programming\Assessments\Assessment Item 1\Urho3D\Urho3D-1.7-VS19\include\Urho3D\ThirdParty\Bullet/LinearMath/btIDebugDraw.h(174,1): warning C4305: 'argument': truncation from 'double' to 'const btScalar' (compiling source file E:\Uni\CGP3016M- Advanced Games Programming\Assessments\Assessment Item 1\Urho3D\Urho3D-Boids\projectile.cpp)
E:\Uni\CGP3016M- Advanced Games Programming\Assessments\Assessment Item 1\Urho3D\Urho3D-1.7-VS19\include\Urho3D\ThirdParty\Bullet/LinearMath/btIDebugDraw.h(175,1): warning C4305: 'argument': truncation from 'double' to 'const btScalar' (compiling source file E:\Uni\CGP3016M- Advanced Games Programming\Assessments\Assessment Item 1\Urho3D\Urho3D-Boids\projectile.cpp)
E:\Uni\CGP3016M- Advanced Games Programming\Assessments\Assessment Item 1\Urho3D\Urho3D-Boids\boids.cpp(295): warning C4700: uninitialized local variable 'Z' used
E:\Uni\CGP3016M- Advanced Games Programming\Assessments\Assessment Item 1\Urho3D\Urho3D-Boids\boids.cpp(295): warning C4700: uninitialized local variable 'Y' used
E:\Uni\CGP3016M- Advanced Games Programming\Assessments\Assessment Item 1\Urho3D\Urho3D-Boids\boids.cpp(295): warning C4700: uninitialized local variable 'X' used
     Creating library E:/Uni/CGP3016M- Advanced Games Programming/Assessments/Assessment Item 1/Urho3D/Urho3D-Boids-VS19/Debug/UrhoTutorial_d.lib and object E:/Uni/CGP3016M- Advanced Games Programming/Assessments/Assessment Item 1/Urho3D/Urho3D-Boids-VS19/Debug/UrhoTutorial_d.exp
  UrhoTutorial.vcxproj -> E:\Uni\CGP3016M- Advanced Games Programming\Assessments\Assessment Item 1\Urho3D\Urho3D-Boids-VS19\bin\UrhoTutorial_d.exe
