e:\uni\cgp3016m- advanced games programming\assessments\assessment item 1\urho3d\urho3d-boids-vs19\urhotutorial.dir\debug\character.obj
e:\uni\cgp3016m- advanced games programming\assessments\assessment item 1\urho3d\urho3d-boids-vs19\urhotutorial.dir\debug\boids.obj
e:\uni\cgp3016m- advanced games programming\assessments\assessment item 1\urho3d\urho3d-boids-vs19\urhotutorial.dir\debug\touch.obj
e:\uni\cgp3016m- advanced games programming\assessments\assessment item 1\urho3d\urho3d-boids-vs19\urhotutorial.dir\debug\projectile.obj
e:\uni\cgp3016m- advanced games programming\assessments\assessment item 1\urho3d\urho3d-boids-vs19\urhotutorial.dir\debug\characterdemo.obj
e:\uni\cgp3016m- advanced games programming\assessments\assessment item 1\urho3d\urho3d-boids-vs19\urhotutorial.dir\debug\vc142.pdb
e:\uni\cgp3016m- advanced games programming\assessments\assessment item 1\urho3d\urho3d-boids-vs19\cmakefiles\generate.stamp
e:\uni\cgp3016m- advanced games programming\assessments\assessment item 1\urho3d\urho3d-boids-vs19\bin\urhotutorial_d.exe
e:\uni\cgp3016m- advanced games programming\assessments\assessment item 1\urho3d\urho3d-boids-vs19\bin\urhotutorial_d.ilk
e:\uni\cgp3016m- advanced games programming\assessments\assessment item 1\urho3d\urho3d-boids-vs19\bin\urhotutorial_d.pdb
e:\uni\cgp3016m- advanced games programming\assessments\assessment item 1\urho3d\urho3d-boids-vs19\debug\urhotutorial_d.lib
e:\uni\cgp3016m- advanced games programming\assessments\assessment item 1\urho3d\urho3d-boids-vs19\debug\urhotutorial_d.exp
e:\uni\cgp3016m- advanced games programming\assessments\assessment item 1\urho3d\urho3d-boids-vs19\urhotutorial.dir\debug\urhotutorial.tlog\cl.command.1.tlog
e:\uni\cgp3016m- advanced games programming\assessments\assessment item 1\urho3d\urho3d-boids-vs19\urhotutorial.dir\debug\urhotutorial.tlog\cl.read.1.tlog
e:\uni\cgp3016m- advanced games programming\assessments\assessment item 1\urho3d\urho3d-boids-vs19\urhotutorial.dir\debug\urhotutorial.tlog\cl.write.1.tlog
e:\uni\cgp3016m- advanced games programming\assessments\assessment item 1\urho3d\urho3d-boids-vs19\urhotutorial.dir\debug\urhotutorial.tlog\custombuild.command.1.tlog
e:\uni\cgp3016m- advanced games programming\assessments\assessment item 1\urho3d\urho3d-boids-vs19\urhotutorial.dir\debug\urhotutorial.tlog\custombuild.read.1.tlog
e:\uni\cgp3016m- advanced games programming\assessments\assessment item 1\urho3d\urho3d-boids-vs19\urhotutorial.dir\debug\urhotutorial.tlog\custombuild.write.1.tlog
e:\uni\cgp3016m- advanced games programming\assessments\assessment item 1\urho3d\urho3d-boids-vs19\urhotutorial.dir\debug\urhotutorial.tlog\link.6428.delete.1.tlog
e:\uni\cgp3016m- advanced games programming\assessments\assessment item 1\urho3d\urho3d-boids-vs19\urhotutorial.dir\debug\urhotutorial.tlog\link.command.1.tlog
e:\uni\cgp3016m- advanced games programming\assessments\assessment item 1\urho3d\urho3d-boids-vs19\urhotutorial.dir\debug\urhotutorial.tlog\link.delete.1.tlog
e:\uni\cgp3016m- advanced games programming\assessments\assessment item 1\urho3d\urho3d-boids-vs19\urhotutorial.dir\debug\urhotutorial.tlog\link.read.1.tlog
e:\uni\cgp3016m- advanced games programming\assessments\assessment item 1\urho3d\urho3d-boids-vs19\urhotutorial.dir\debug\urhotutorial.tlog\link.write.1.tlog
e:\uni\cgp3016m- advanced games programming\assessments\assessment item 1\urho3d\urho3d-boids-vs19\urhotutorial.dir\debug\urhotutorial.tlog\urhotutorial.write.1u.tlog
